<wxlog>
  <threadId>#main</threadId>
  <timestamp>21:12:40:6412</timestamp>
  <msgtype>MsgWXLogLaunch</msgtype>
  <content>[The WXLogger is launched!]</content>
  <stackFrames>
[CALL STACK][0]: Method:WXTextureTools.Application.Options.OptionsConfig..ctor; File:\\Mac\Home\Documents\tgit\wx_texture_min_v2\src\WXTextureTools\Application\Options\OptionsConfig.cs.12
[CALL STACK][1]: Method:WXTextureTools.Application.App..ctor; File:\\Mac\Home\Documents\tgit\wx_texture_min_v2\src\WXTextureTools\Application\App.cs.26
[CALL STACK][2]: Method:WXTextureTools.Program.Main; File:\\Mac\Home\Documents\tgit\wx_texture_min_v2\src\WXTextureTools\Program.cs.14
</stackFrames>
</wxlog>
<wxlog>
  <threadId>#main</threadId>
  <timestamp>21:12:40:6939</timestamp>
  <msgtype>MsgMixture</msgtype>
  <content>string|String[]
OptionsConfig,-option=text
-do=assetListInfo
-sourceDir=D:/UINTY/GamePackage\webgl
-dataDir=D:/UINTY/Unity-B/github/mini-Games/TextToolDatas
</content>
  <stackFrames>
[CALL STACK][0]: Method:WXTextureTools.Application.App..ctor; File:\\Mac\Home\Documents\tgit\wx_texture_min_v2\src\WXTextureTools\Application\App.cs.26
[CALL STACK][1]: Method:WXTextureTools.Program.Main; File:\\Mac\Home\Documents\tgit\wx_texture_min_v2\src\WXTextureTools\Program.cs.14
</stackFrames>
</wxlog>
<wxlog>
  <threadId>#main</threadId>
  <timestamp>21:12:40:6959</timestamp>
  <msgtype>MsgMixture</msgtype>
  <content>string|string
UnityBridgeHandler - SetDataDir,D:/UINTY/Unity-B/github/mini-Games/TextToolDatas\temp</content>
  <stackFrames>
[CALL STACK][0]: Method:WXTextureTools.Program.Main; File:\\Mac\Home\Documents\tgit\wx_texture_min_v2\src\WXTextureTools\Program.cs.14
</stackFrames>
</wxlog>
<wxlog>
  <threadId>#main</threadId>
  <timestamp>21:12:40:7034</timestamp>
  <msgtype>MsgString</msgtype>
  <content>WXTextureMinExec</content>
  <stackFrames>
[CALL STACK][0]: Method:WXTextureTools.Program.Main; File:\\Mac\Home\Documents\tgit\wx_texture_min_v2\src\WXTextureTools\Program.cs.14
</stackFrames>
</wxlog>
<wxlog>
  <threadId>#main</threadId>
  <timestamp>21:12:40:7122</timestamp>
  <msgtype>MsgMixture</msgtype>
  <content>string|string
IgnoreHandler,D:/UINTY/Unity-B/github/mini-Games/TextToolDatas\bundlerIgnore.txt</content>
  <stackFrames>
[CALL STACK][0]: Method:WXTextureTools.Application.App.process; File:\\Mac\Home\Documents\tgit\wx_texture_min_v2\src\WXTextureTools\Application\App.cs.66
[CALL STACK][1]: Method:WXTextureTools.Program.Main; File:\\Mac\Home\Documents\tgit\wx_texture_min_v2\src\WXTextureTools\Program.cs.14
</stackFrames>
</wxlog>
<wxlog>
  <threadId>#main</threadId>
  <timestamp>21:12:40:7209</timestamp>
  <msgtype>MsgMixture</msgtype>
  <content>string|String[]
WXTextureMinExec files,D:\UINTY\GamePackage\webgl\856ddb29de657fd8.webgl.data.unityweb.bin.txt
D:\UINTY\GamePackage\webgl\a65dc55bc022a28b.webgl.wasm.code.unityweb.wasm.br
D:\UINTY\GamePackage\webgl\Build\webgl.data
D:\UINTY\GamePackage\webgl\Build\webgl.framework.js
D:\UINTY\GamePackage\webgl\Build\webgl.loader.js
D:\UINTY\GamePackage\webgl\Build\webgl.symbols.json
D:\UINTY\GamePackage\webgl\Build\webgl.wasm
D:\UINTY\GamePackage\webgl\index.html
</content>
  <stackFrames>
[CALL STACK][0]: Method:WXTextureTools.Program.Main; File:\\Mac\Home\Documents\tgit\wx_texture_min_v2\src\WXTextureTools\Program.cs.14
</stackFrames>
</wxlog>
<wxlog>
  <threadId>#main</threadId>
  <timestamp>21:12:40:7209</timestamp>
  <msgtype>MsgMixture</msgtype>
  <content>string|String[]
WXTextureMinExec filesAB,</content>
  <stackFrames>
[CALL STACK][0]: Method:WXTextureTools.Program.Main; File:\\Mac\Home\Documents\tgit\wx_texture_min_v2\src\WXTextureTools\Program.cs.14
</stackFrames>
</wxlog>
<wxlog>
  <threadId>#main</threadId>
  <timestamp>21:12:40:7307</timestamp>
  <msgtype>MsgMixture</msgtype>
  <content>string|String[]
WXTextureMinExec copyFiles,D:\UINTY\GamePackage\webgl\a65dc55bc022a28b.webgl.wasm.code.unityweb.wasm.br
D:\UINTY\GamePackage\webgl\Build\webgl.data
D:\UINTY\GamePackage\webgl\Build\webgl.framework.js
D:\UINTY\GamePackage\webgl\Build\webgl.loader.js
D:\UINTY\GamePackage\webgl\Build\webgl.symbols.json
D:\UINTY\GamePackage\webgl\Build\webgl.wasm
D:\UINTY\GamePackage\webgl\index.html
</content>
  <stackFrames>
[CALL STACK][0]: Method:WXTextureTools.Program.Main; File:\\Mac\Home\Documents\tgit\wx_texture_min_v2\src\WXTextureTools\Program.cs.14
</stackFrames>
</wxlog>
<wxlog>
  <threadId>#main</threadId>
  <timestamp>21:12:40:7307</timestamp>
  <msgtype>MsgMixture</msgtype>
  <content>string|String[]
WXTextureMinExec assetBundles,</content>
  <stackFrames>
[CALL STACK][0]: Method:WXTextureTools.Program.Main; File:\\Mac\Home\Documents\tgit\wx_texture_min_v2\src\WXTextureTools\Program.cs.14
</stackFrames>
</wxlog>
<wxlog>
  <threadId>#main</threadId>
  <timestamp>21:12:40:7307</timestamp>
  <msgtype>MsgMixture</msgtype>
  <content>string|String[]
WXTextureMinExec firstBundles,D:\UINTY\GamePackage\webgl\856ddb29de657fd8.webgl.data.unityweb.bin.txt
</content>
  <stackFrames>
[CALL STACK][0]: Method:WXTextureTools.Program.Main; File:\\Mac\Home\Documents\tgit\wx_texture_min_v2\src\WXTextureTools\Program.cs.14
</stackFrames>
</wxlog>
<wxlog>
  <threadId>#main</threadId>
  <timestamp>21:12:40:7307</timestamp>
  <msgtype>MsgMixture</msgtype>
  <content>string|String[]
WXTextureMinExec copyFiles2,</content>
  <stackFrames>
[CALL STACK][0]: Method:WXTextureTools.Program.Main; File:\\Mac\Home\Documents\tgit\wx_texture_min_v2\src\WXTextureTools\Program.cs.14
</stackFrames>
</wxlog>
<wxlog>
  <threadId>#main</threadId>
  <timestamp>21:12:40:7307</timestamp>
  <msgtype>MsgMixture</msgtype>
  <content>string|String[]
WXTextureMinExec assetBundles2,</content>
  <stackFrames>
[CALL STACK][0]: Method:WXTextureTools.Program.Main; File:\\Mac\Home\Documents\tgit\wx_texture_min_v2\src\WXTextureTools\Program.cs.14
</stackFrames>
</wxlog>
